<?xml version="1.0" encoding="UTF-8"?>
<testng-results skipped="0" failed="0" ignored="0" total="1" passed="1">
  <reporter-output>
  </reporter-output>
  <suite name="Suite" duration-ms="41" started-at="2020-07-05T06:21:06Z" finished-at="2020-07-05T06:21:06Z">
    <groups>
    </groups>
    <test name="Test" duration-ms="41" started-at="2020-07-05T06:21:06Z" finished-at="2020-07-05T06:21:06Z">
      <class name="demojenkins.DemoJenkinsJob">
        <test-method status="PASS" signature="testjenkins()[pri:0, instance:demojenkins.DemoJenkinsJob@5d3411d]" name="testjenkins" duration-ms="10" started-at="2020-07-05T06:21:06Z" finished-at="2020-07-05T06:21:06Z">
          <reporter-output>
          </reporter-output>
        </test-method> <!-- testjenkins -->
      </class> <!-- demojenkins.DemoJenkinsJob -->
    </test> <!-- Test -->
  </suite> <!-- Suite -->
</testng-results>
